2024-08-21 12:57:02,642:INFO:The cog cogs.waitlist was successfully loaded.
2024-08-21 12:57:02,645:INFO:Attempting to load cog: cogs.faq_updater
2024-08-21 12:57:04,230:INFO:The cog cogs.faq_updater was successfully loaded.
2024-08-21 12:57:04,232:INFO:Found 0 new posts.
2024-08-21 12:57:04,234:INFO:No new posts found for FAQ update.
2024-08-21 12:57:04,235:INFO:FAQ update process triggered successfully.
2024-08-21 12:57:04,236:INFO:All cogs loaded successfully.
2024-08-21 12:57:04,237:INFO:AVA is connected and ready.
2024-08-21 13:00:55,170:INFO:The cog cogs.waitlist was successfully loaded.
2024-08-21 13:00:55,175:INFO:Attempting to load cog: cogs.faq_updater
2024-08-21 13:00:56,840:INFO:The cog cogs.faq_updater was successfully loaded.
2024-08-21 13:00:56,842:INFO:Found 0 new posts.
2024-08-21 13:00:56,843:INFO:No new posts found for FAQ update.
2024-08-21 13:00:56,845:INFO:FAQ update process triggered successfully.
2024-08-21 13:00:56,848:CRITICAL:Failed to start the bot: Messageable.send() got an unexpected keyword argument 'components'
2024-08-21 13:02:57,556:INFO:The cog cogs.waitlist was successfully loaded.
2024-08-21 13:02:57,557:INFO:Attempting to load cog: cogs.faq_updater
2024-08-21 13:02:59,074:INFO:The cog cogs.faq_updater was successfully loaded.
2024-08-21 13:02:59,077:INFO:Found 0 new posts.
2024-08-21 13:02:59,078:INFO:No new posts found for FAQ update.
2024-08-21 13:02:59,079:INFO:FAQ update process triggered successfully.
2024-08-21 13:02:59,081:CRITICAL:Failed to start the bot: Messageable.send() got an unexpected keyword argument 'components'
2024-08-21 13:04:40,910:INFO:The cog cogs.waitlist was successfully loaded.
2024-08-21 13:04:40,911:INFO:Attempting to load cog: cogs.faq_updater
2024-08-21 13:04:42,426:INFO:The cog cogs.faq_updater was successfully loaded.
2024-08-21 13:04:42,430:INFO:Found 0 new posts.
2024-08-21 13:04:42,431:INFO:No new posts found for FAQ update.
2024-08-21 13:04:42,432:INFO:FAQ update process triggered successfully.
2024-08-21 13:04:42,434:CRITICAL:Failed to start the bot: Messageable.send() got an unexpected keyword argument 'components'
2024-08-21 13:05:05,801:INFO:The cog cogs.waitlist was successfully loaded.
2024-08-21 13:05:05,802:INFO:Attempting to load cog: cogs.faq_updater
2024-08-21 13:05:07,629:INFO:The cog cogs.faq_updater was successfully loaded.
2024-08-21 13:05:07,631:INFO:Found 0 new posts.
2024-08-21 13:05:07,633:INFO:No new posts found for FAQ update.
2024-08-21 13:05:07,634:INFO:FAQ update process triggered successfully.
2024-08-21 13:05:07,635:INFO:All cogs loaded successfully.
2024-08-21 13:05:07,636:INFO:AVA is connected and ready.
2024-08-21 13:05:55,063:INFO:The cog cogs.waitlist was successfully loaded.
2024-08-21 13:05:55,065:INFO:Attempting to load cog: cogs.faq_updater
2024-08-21 13:05:56,788:INFO:The cog cogs.faq_updater was successfully loaded.
2024-08-21 13:05:56,789:INFO:Found 0 new posts.
2024-08-21 13:05:56,790:INFO:No new posts found for FAQ update.
2024-08-21 13:05:56,792:INFO:FAQ update process triggered successfully.
2024-08-21 13:05:56,793:CRITICAL:Failed to start the bot: Messageable.send() got an unexpected keyword argument 'components'
